# JRE version: Java(TM) SE Runtime Environment (8.0_221-b11) (build 1.8.0_221-b11)
# Java VM: Java HotSpot(TM) 64-Bit Server VM (25.221-b11 mixed mode windows-amd64 compressed oops)
Heap:
 PSYoungGen      total 918528K, used 804877K [0x0000000780600000, 0x00000007bb400000, 0x00000007c0000000)
  eden space 906240K, 87% used [0x0000000780600000,0x00000007b0c62540,0x00000007b7b00000)
  from space 12288K, 96% used [0x00000007ba800000,0x00000007bb3a1018,0x00000007bb400000)
  to   space 25600K, 0% used [0x00000007b8200000,0x00000007b8200000,0x00000007b9b00000)
 ParOldGen       total 103424K, used 25547K [0x0000000701200000, 0x0000000707700000, 0x0000000780600000)
  object space 103424K, 24% used [0x0000000701200000,0x0000000702af2f88,0x0000000707700000)
 Metaspace       used 79797K, capacity 80978K, committed 81024K, reserved 1118208K
  class space    used 11616K, capacity 11878K, committed 11904K, reserved 1048576K
GC Heap History (10 events):
Event: 12.031 GC heap before
{Heap before GC invocations=9 (full 2):
 PSYoungGen      total 369152K, used 358912K [0x0000000780600000, 0x0000000798180000, 0x00000007c0000000)
  eden space 358912K, 100% used [0x0000000780600000,0x0000000796480000,0x0000000796480000)
  from space 10240K, 0% used [0x0000000797780000,0x0000000797780000,0x0000000798180000)
  to   space 14848K, 0% used [0x0000000796480000,0x0000000796480000,0x0000000797300000)
 ParOldGen       total 81408K, used 8921K [0x0000000701200000, 0x0000000706180000, 0x0000000780600000)
  object space 81408K, 10% used [0x0000000701200000,0x0000000701ab67e0,0x0000000706180000)
 Metaspace       used 54389K, capacity 55160K, committed 55296K, reserved 1095680K
  class space    used 7984K, capacity 8158K, committed 8192K, reserved 1048576K
Event: 12.048 GC heap after
Heap after GC invocations=9 (full 2):
 PSYoungGen      total 373760K, used 14846K [0x0000000780600000, 0x00000007aa600000, 0x00000007c0000000)
  eden space 358912K, 0% used [0x0000000780600000,0x0000000780600000,0x0000000796480000)
  from space 14848K, 99% used [0x0000000796480000,0x00000007972ff8d0,0x0000000797300000)
  to   space 20992K, 0% used [0x00000007a9180000,0x00000007a9180000,0x00000007aa600000)
 ParOldGen       total 81408K, used 15514K [0x0000000701200000, 0x0000000706180000, 0x0000000780600000)
  object space 81408K, 19% used [0x0000000701200000,0x0000000702126980,0x0000000706180000)
 Metaspace       used 54389K, capacity 55160K, committed 55296K, reserved 1095680K
  class space    used 7984K, capacity 8158K, committed 8192K, reserved 1048576K
}
Event: 13.075 GC heap before
{Heap before GC invocations=10 (full 2):
 PSYoungGen      total 373760K, used 108706K [0x0000000780600000, 0x00000007aa600000, 0x00000007c0000000)
  eden space 358912K, 26% used [0x0000000780600000,0x00000007861a8fb0,0x0000000796480000)
  from space 14848K, 99% used [0x0000000796480000,0x00000007972ff8d0,0x0000000797300000)
  to   space 20992K, 0% used [0x00000007a9180000,0x00000007a9180000,0x00000007aa600000)
 ParOldGen       total 81408K, used 15514K [0x0000000701200000, 0x0000000706180000, 0x0000000780600000)
  object space 81408K, 19% used [0x0000000701200000,0x0000000702126980,0x0000000706180000)
 Metaspace       used 58114K, capacity 58820K, committed 59008K, reserved 1099776K
  class space    used 8559K, capacity 8736K, committed 8832K, reserved 1048576K
Event: 13.121 GC heap after
Heap after GC invocations=10 (full 2):
 PSYoungGen      total 662016K, used 12835K [0x0000000780600000, 0x00000007aa380000, 0x00000007c0000000)
  eden space 643584K, 0% used [0x0000000780600000,0x0000000780600000,0x00000007a7a80000)
  from space 18432K, 69% used [0x00000007a9180000,0x00000007a9e08dd0,0x00000007aa380000)
  to   space 20992K, 0% used [0x00000007a7a80000,0x00000007a7a80000,0x00000007a8f00000)
 ParOldGen       total 81408K, used 15522K [0x0000000701200000, 0x0000000706180000, 0x0000000780600000)
  object space 81408K, 19% used [0x0000000701200000,0x0000000702128980,0x0000000706180000)
 Metaspace       used 58114K, capacity 58820K, committed 59008K, reserved 1099776K
  class space    used 8559K, capacity 8736K, committed 8832K, reserved 1048576K
}
Event: 13.121 GC heap before
{Heap before GC invocations=11 (full 3):
 PSYoungGen      total 662016K, used 12835K [0x0000000780600000, 0x00000007aa380000, 0x00000007c0000000)
  eden space 643584K, 0% used [0x0000000780600000,0x0000000780600000,0x00000007a7a80000)
  from space 18432K, 69% used [0x00000007a9180000,0x00000007a9e08dd0,0x00000007aa380000)
  to   space 20992K, 0% used [0x00000007a7a80000,0x00000007a7a80000,0x00000007a8f00000)
 ParOldGen       total 81408K, used 15522K [0x0000000701200000, 0x0000000706180000, 0x0000000780600000)
  object space 81408K, 19% used [0x0000000701200000,0x0000000702128980,0x0000000706180000)
 Metaspace       used 58114K, capacity 58820K, committed 59008K, reserved 1099776K
  class space    used 8559K, capacity 8736K, committed 8832K, reserved 1048576K
Event: 13.237 GC heap after
Heap after GC invocations=11 (full 3):
 PSYoungGen      total 662016K, used 0K [0x0000000780600000, 0x00000007aa380000, 0x00000007c0000000)
  eden space 643584K, 0% used [0x0000000780600000,0x0000000780600000,0x00000007a7a80000)
  from space 18432K, 0% used [0x00000007a9180000,0x00000007a9180000,0x00000007aa380000)
  to   space 20992K, 0% used [0x00000007a7a80000,0x00000007a7a80000,0x00000007a8f00000)
 ParOldGen       total 103424K, used 19694K [0x0000000701200000, 0x0000000707700000, 0x0000000780600000)
  object space 103424K, 19% used [0x0000000701200000,0x000000070253ba08,0x0000000707700000)
 Metaspace       used 58099K, capacity 58790K, committed 59008K, reserved 1099776K
  class space    used 8556K, capacity 8731K, committed 8832K, reserved 1048576K
}
Event: 17.972 GC heap before
{Heap before GC invocations=12 (full 3):
 PSYoungGen      total 662016K, used 643584K [0x0000000780600000, 0x00000007aa380000, 0x00000007c0000000)
  eden space 643584K, 100% used [0x0000000780600000,0x00000007a7a80000,0x00000007a7a80000)
  from space 18432K, 0% used [0x00000007a9180000,0x00000007a9180000,0x00000007aa380000)
  to   space 20992K, 0% used [0x00000007a7a80000,0x00000007a7a80000,0x00000007a8f00000)
 ParOldGen       total 103424K, used 19694K [0x0000000701200000, 0x0000000707700000, 0x0000000780600000)
  object space 103424K, 19% used [0x0000000701200000,0x000000070253ba08,0x0000000707700000)
 Metaspace       used 77516K, capacity 78640K, committed 78848K, reserved 1116160K
  class space    used 11518K, capacity 11767K, committed 11776K, reserved 1048576K
Event: 18.008 GC heap after
Heap after GC invocations=12 (full 3):
 PSYoungGen      total 664576K, used 20975K [0x0000000780600000, 0x00000007bc200000, 0x00000007c0000000)
  eden space 643584K, 0% used [0x0000000780600000,0x0000000780600000,0x00000007a7a80000)
  from space 20992K, 99% used [0x00000007a7a80000,0x00000007a8efbdb0,0x00000007a8f00000)
  to   space 26624K, 0% used [0x00000007ba800000,0x00000007ba800000,0x00000007bc200000)
 ParOldGen       total 103424K, used 25539K [0x0000000701200000, 0x0000000707700000, 0x0000000780600000)
  object space 103424K, 24% used [0x0000000701200000,0x0000000702af0f88,0x0000000707700000)
 Metaspace       used 77516K, capacity 78640K, committed 78848K, reserved 1116160K
  class space    used 11518K, capacity 11767K, committed 11776K, reserved 1048576K
}
Event: 21.081 GC heap before
{Heap before GC invocations=13 (full 3):
 PSYoungGen      total 664576K, used 664559K [0x0000000780600000, 0x00000007bc200000, 0x00000007c0000000)
  eden space 643584K, 100% used [0x0000000780600000,0x00000007a7a80000,0x00000007a7a80000)
  from space 20992K, 99% used [0x00000007a7a80000,0x00000007a8efbdb0,0x00000007a8f00000)
  to   space 26624K, 0% used [0x00000007ba800000,0x00000007ba800000,0x00000007bc200000)
 ParOldGen       total 103424K, used 25539K [0x0000000701200000, 0x0000000707700000, 0x0000000780600000)
  object space 103424K, 24% used [0x0000000701200000,0x0000000702af0f88,0x0000000707700000)
 Metaspace       used 79024K, capacity 80170K, committed 80256K, reserved 1118208K
  class space    used 11577K, capacity 11840K, committed 11904K, reserved 1048576K
Event: 21.099 GC heap after
Heap after GC invocations=13 (full 3):
 PSYoungGen      total 918528K, used 11908K [0x0000000780600000, 0x00000007bb400000, 0x00000007c0000000)
  eden space 906240K, 0% used [0x0000000780600000,0x0000000780600000,0x00000007b7b00000)
  from space 12288K, 96% used [0x00000007ba800000,0x00000007bb3a1018,0x00000007bb400000)
  to   space 25600K, 0% used [0x00000007b8200000,0x00000007b8200000,0x00000007b9b00000)
 ParOldGen       total 103424K, used 25547K [0x0000000701200000, 0x0000000707700000, 0x0000000780600000)
  object space 103424K, 24% used [0x0000000701200000,0x0000000702af2f88,0x0000000707700000)
 Metaspace       used 79024K, capacity 80170K, committed 80256K, reserved 1118208K
  class space    used 11577K, capacity 11840K, committed 11904K, reserved 1048576K
}

